# JRE version: Java(TM) SE Runtime Environment (8.0_162-b12) (build 1.8.0_162-b12)
# Java VM: Java HotSpot(TM) 64-Bit Server VM (25.162-b12 mixed mode windows-amd64 compressed oops)
Heap:
 PSYoungGen      total 245760K, used 178380K [0x00000000db000000, 0x00000000f3b80000, 0x0000000100000000)
  eden space 221696K, 80% used [0x00000000db000000,0x00000000e5e33178,0x00000000e8880000)
  from space 24064K, 0% used [0x00000000e8880000,0x00000000e8880000,0x00000000ea000000)
  to   space 25088K, 0% used [0x00000000f2300000,0x00000000f2300000,0x00000000f3b80000)
 ParOldGen       total 85504K, used 39754K [0x0000000091000000, 0x0000000096380000, 0x00000000db000000)
  object space 85504K, 46% used [0x0000000091000000,0x00000000936d2a08,0x0000000096380000)
 Metaspace       used 25647K, capacity 26356K, committed 26544K, reserved 1073152K
  class space    used 2915K, capacity 3132K, committed 3248K, reserved 1048576K
GC Heap History (10 events):
Event: 12.237 GC heap before
{Heap before GC invocations=6 (full 0):
 PSYoungGen      total 61952K, used 61928K [0x00000000db000000, 0x00000000e3800000, 0x0000000100000000)
  eden space 57344K, 100% used [0x00000000db000000,0x00000000de800000,0x00000000de800000)
  from space 4608K, 99% used [0x00000000de800000,0x00000000dec7a040,0x00000000dec80000)
  to   space 12288K, 0% used [0x00000000e2c00000,0x00000000e2c00000,0x00000000e3800000)
 ParOldGen       total 76800K, used 14181K [0x0000000091000000, 0x0000000095b00000, 0x00000000db000000)
  object space 76800K, 18% used [0x0000000091000000,0x0000000091dd9488,0x0000000095b00000)
 Metaspace       used 16518K, capacity 16862K, committed 17152K, reserved 1064960K
  class space    used 1933K, capacity 2015K, committed 2048K, reserved 1048576K
Event: 12.257 GC heap after
Heap after GC invocations=6 (full 0):
 PSYoungGen      total 125440K, used 11305K [0x00000000db000000, 0x00000000e3b00000, 0x0000000100000000)
  eden space 113152K, 0% used [0x00000000db000000,0x00000000db000000,0x00000000e1e80000)
  from space 12288K, 92% used [0x00000000e2c00000,0x00000000e370a728,0x00000000e3800000)
  to   space 13824K, 0% used [0x00000000e1e80000,0x00000000e1e80000,0x00000000e2c00000)
 ParOldGen       total 76800K, used 14189K [0x0000000091000000, 0x0000000095b00000, 0x00000000db000000)
  object space 76800K, 18% used [0x0000000091000000,0x0000000091ddb488,0x0000000095b00000)
 Metaspace       used 16518K, capacity 16862K, committed 17152K, reserved 1064960K
  class space    used 1933K, capacity 2015K, committed 2048K, reserved 1048576K
}
Event: 13.450 GC heap before
{Heap before GC invocations=7 (full 0):
 PSYoungGen      total 125440K, used 124457K [0x00000000db000000, 0x00000000e3b00000, 0x0000000100000000)
  eden space 113152K, 100% used [0x00000000db000000,0x00000000e1e80000,0x00000000e1e80000)
  from space 12288K, 92% used [0x00000000e2c00000,0x00000000e370a728,0x00000000e3800000)
  to   space 13824K, 0% used [0x00000000e1e80000,0x00000000e1e80000,0x00000000e2c00000)
 ParOldGen       total 76800K, used 14189K [0x0000000091000000, 0x0000000095b00000, 0x00000000db000000)
  object space 76800K, 18% used [0x0000000091000000,0x0000000091ddb488,0x0000000095b00000)
 Metaspace       used 16866K, capacity 17212K, committed 17408K, reserved 1064960K
  class space    used 1938K, capacity 2020K, committed 2048K, reserved 1048576K
Event: 13.483 GC heap after
Heap after GC invocations=7 (full 0):
 PSYoungGen      total 126976K, used 13808K [0x00000000db000000, 0x00000000eb300000, 0x0000000100000000)
  eden space 113152K, 0% used [0x00000000db000000,0x00000000db000000,0x00000000e1e80000)
  from space 13824K, 99% used [0x00000000e1e80000,0x00000000e2bfc030,0x00000000e2c00000)
  to   space 19456K, 0% used [0x00000000ea000000,0x00000000ea000000,0x00000000eb300000)
 ParOldGen       total 76800K, used 21768K [0x0000000091000000, 0x0000000095b00000, 0x00000000db000000)
  object space 76800K, 28% used [0x0000000091000000,0x0000000092542360,0x0000000095b00000)
 Metaspace       used 16866K, capacity 17212K, committed 17408K, reserved 1064960K
  class space    used 1938K, capacity 2020K, committed 2048K, reserved 1048576K
}
Event: 14.880 GC heap before
{Heap before GC invocations=8 (full 0):
 PSYoungGen      total 126976K, used 126960K [0x00000000db000000, 0x00000000eb300000, 0x0000000100000000)
  eden space 113152K, 100% used [0x00000000db000000,0x00000000e1e80000,0x00000000e1e80000)
  from space 13824K, 99% used [0x00000000e1e80000,0x00000000e2bfc030,0x00000000e2c00000)
  to   space 19456K, 0% used [0x00000000ea000000,0x00000000ea000000,0x00000000eb300000)
 ParOldGen       total 76800K, used 21768K [0x0000000091000000, 0x0000000095b00000, 0x00000000db000000)
  object space 76800K, 28% used [0x0000000091000000,0x0000000092542360,0x0000000095b00000)
 Metaspace       used 17587K, capacity 18016K, committed 18304K, reserved 1064960K
  class space    used 1998K, capacity 2094K, committed 2176K, reserved 1048576K
Event: 14.942 GC heap after
Heap after GC invocations=8 (full 0):
 PSYoungGen      total 241152K, used 19456K [0x00000000db000000, 0x00000000ebc00000, 0x0000000100000000)
  eden space 221696K, 0% used [0x00000000db000000,0x00000000db000000,0x00000000e8880000)
  from space 19456K, 100% used [0x00000000ea000000,0x00000000eb300000,0x00000000eb300000)
  to   space 24064K, 0% used [0x00000000e8880000,0x00000000e8880000,0x00000000ea000000)
 ParOldGen       total 76800K, used 24765K [0x0000000091000000, 0x0000000095b00000, 0x00000000db000000)
  object space 76800K, 32% used [0x0000000091000000,0x000000009282f630,0x0000000095b00000)
 Metaspace       used 17587K, capacity 18016K, committed 18304K, reserved 1064960K
  class space    used 1998K, capacity 2094K, committed 2176K, reserved 1048576K
}
Event: 16.422 GC heap before
{Heap before GC invocations=9 (full 0):
 PSYoungGen      total 241152K, used 68058K [0x00000000db000000, 0x00000000ebc00000, 0x0000000100000000)
  eden space 221696K, 21% used [0x00000000db000000,0x00000000ddf76a98,0x00000000e8880000)
  from space 19456K, 100% used [0x00000000ea000000,0x00000000eb300000,0x00000000eb300000)
  to   space 24064K, 0% used [0x00000000e8880000,0x00000000e8880000,0x00000000ea000000)
 ParOldGen       total 76800K, used 24765K [0x0000000091000000, 0x0000000095b00000, 0x00000000db000000)
  object space 76800K, 32% used [0x0000000091000000,0x000000009282f630,0x0000000095b00000)
 Metaspace       used 20732K, capacity 21220K, committed 21296K, reserved 1069056K
  class space    used 2433K, capacity 2590K, committed 2608K, reserved 1048576K
Event: 16.543 GC heap after
Heap after GC invocations=9 (full 0):
 PSYoungGen      total 245760K, used 17378K [0x00000000db000000, 0x00000000f3b80000, 0x0000000100000000)
  eden space 221696K, 0% used [0x00000000db000000,0x00000000db000000,0x00000000e8880000)
  from space 24064K, 72% used [0x00000000e8880000,0x00000000e9978ac0,0x00000000ea000000)
  to   space 25088K, 0% used [0x00000000f2300000,0x00000000f2300000,0x00000000f3b80000)
 ParOldGen       total 76800K, used 29629K [0x0000000091000000, 0x0000000095b00000, 0x00000000db000000)
  object space 76800K, 38% used [0x0000000091000000,0x0000000092cef6e8,0x0000000095b00000)
 Metaspace       used 20732K, capacity 21220K, committed 21296K, reserved 1069056K
  class space    used 2433K, capacity 2590K, committed 2608K, reserved 1048576K
}
Event: 16.543 GC heap before
{Heap before GC invocations=10 (full 1):
 PSYoungGen      total 245760K, used 17378K [0x00000000db000000, 0x00000000f3b80000, 0x0000000100000000)
  eden space 221696K, 0% used [0x00000000db000000,0x00000000db000000,0x00000000e8880000)
  from space 24064K, 72% used [0x00000000e8880000,0x00000000e9978ac0,0x00000000ea000000)
  to   space 25088K, 0% used [0x00000000f2300000,0x00000000f2300000,0x00000000f3b80000)
 ParOldGen       total 76800K, used 29629K [0x0000000091000000, 0x0000000095b00000, 0x00000000db000000)
  object space 76800K, 38% used [0x0000000091000000,0x0000000092cef6e8,0x0000000095b00000)
 Metaspace       used 20732K, capacity 21220K, committed 21296K, reserved 1069056K
  class space    used 2433K, capacity 2590K, committed 2608K, reserved 1048576K
Event: 16.778 GC heap after
Heap after GC invocations=10 (full 1):
 PSYoungGen      total 245760K, used 0K [0x00000000db000000, 0x00000000f3b80000, 0x0000000100000000)
  eden space 221696K, 0% used [0x00000000db000000,0x00000000db000000,0x00000000e8880000)
  from space 24064K, 0% used [0x00000000e8880000,0x00000000e8880000,0x00000000ea000000)
  to   space 25088K, 0% used [0x00000000f2300000,0x00000000f2300000,0x00000000f3b80000)
 ParOldGen       total 85504K, used 39754K [0x0000000091000000, 0x0000000096380000, 0x00000000db000000)
  object space 85504K, 46% used [0x0000000091000000,0x00000000936d2a08,0x0000000096380000)
 Metaspace       used 20732K, capacity 21220K, committed 21296K, reserved 1069056K
  class space    used 2433K, capacity 2590K, committed 2608K, reserved 1048576K
}

